<?xml version="1.0" encoding="UTF-8"?>
<!-- Generated by org.testng.reporters.JUnitReportReporter -->
<testsuite hostname="DESKTOP-M77RTJN" failures="0" tests="2" name="com.GpNgen.TestCases.TC_jobScenario_Traditinal_CompJobProcess_002" time="88.857" errors="0" timestamp="2025-07-15T11:16:07 IST" skipped="1">
  <testcase classname="com.GpNgen.TestCases.TC_jobScenario_Traditinal_CompJobProcess_002" name="check_Traditional_Job_With_MoveToInd_100OFF" time="88.857"/>
  <system-out/>
  <testcase classname="com.GpNgen.TestCases.TC_jobScenario_Traditinal_CompJobProcess_002" name="check_Traditional_Job_With_50OFF_SaveCard">
    <skipped/>
  </testcase> <!-- check_Traditional_Job_With_50OFF_SaveCard -->
  <system-out/>
</testsuite> <!-- com.GpNgen.TestCases.TC_jobScenario_Traditinal_CompJobProcess_002 -->
