<?xml version="1.0" encoding="UTF-8"?>
<!-- Generated by org.testng.reporters.JUnitReportReporter -->
<testsuite hostname="DESKTOP-M77RTJN" failures="0" tests="1" name="com.GpNgen.TestCases.TC_NEG_01" time="228.514" errors="0" timestamp="2025-06-17T15:33:17 IST" skipped="0">
  <testcase classname="com.GpNgen.TestCases.TC_NEG_01" name="MM_selected_but_no_tm_imag_uploaded" time="228.514"/>
  <system-out/>
</testsuite> <!-- com.GpNgen.TestCases.TC_NEG_01 -->
