<?xml version="1.0" encoding="UTF-8"?>
<!-- Generated by org.testng.reporters.JUnitReportReporter -->
<testsuite hostname="DESKTOP-M77RTJN" failures="0" tests="3" name="com.GpNgen.TestCases.TC_009_010_011" time="38.014" errors="0" timestamp="2025-06-23T11:36:44 IST" skipped="2">
  <testcase classname="com.GpNgen.TestCases.TC_009_010_011" name="Verify_Cancle_BTN_For_DiffTemp" time="38.014"/>
  <system-out/>
  <testcase classname="com.GpNgen.TestCases.TC_009_010_011" name="Verify_PopUp_Appers_For_Diff_Tem">
    <skipped/>
  </testcase> <!-- Verify_PopUp_Appers_For_Diff_Tem -->
  <system-out/>
  <testcase classname="com.GpNgen.TestCases.TC_009_010_011" name="Verify_dropdown_appears_for_Single_Bg">
    <skipped/>
  </testcase> <!-- Verify_dropdown_appears_for_Single_Bg -->
  <system-out/>
</testsuite> <!-- com.GpNgen.TestCases.TC_009_010_011 -->
