<?xml version="1.0" encoding="UTF-8"?>
<!-- Generated by org.testng.reporters.JUnitReportReporter -->
<testsuite hostname="DESKTOP-M77RTJN" failures="0" tests="1" name="com.GpNgen.TestCases.TC_Upload_reference_files" time="33.299" errors="0" timestamp="2025-06-22T17:51:59 IST" skipped="0">
  <testcase classname="com.GpNgen.TestCases.TC_Upload_reference_files" name="select_Upload_reference_files" time="33.299"/>
  <system-out/>
</testsuite> <!-- com.GpNgen.TestCases.TC_Upload_reference_files -->
