<?xml version="1.0" encoding="UTF-8"?>
<!-- Generated by org.testng.reporters.JUnitReportReporter -->
<testsuite hostname="DESKTOP-M77RTJN" failures="0" tests="1" name="com.GpNgen.TestCases.TC_FC_Check_BY_Half_Dicount_CardPayment" time="53.021" errors="0" timestamp="2025-06-06T10:41:24 IST" skipped="0">
  <testcase classname="com.GpNgen.TestCases.TC_FC_Check_BY_Half_Dicount_CardPayment" name="verifyFC_std" time="53.021"/>
  <system-out/>
</testsuite> <!-- com.GpNgen.TestCases.TC_FC_Check_BY_Half_Dicount_CardPayment -->
