<?xml version="1.0" encoding="UTF-8"?>
<!-- Generated by org.testng.reporters.JUnitReportReporter -->
<testsuite hostname="DESKTOP-M77RTJN" failures="0" tests="1" name="com.GpNgen.TestCases.TC_FC_Check_By_Half_Dicount_EnterCardDetails" time="95.187" errors="0" timestamp="2025-07-14T16:21:11 IST" skipped="0">
  <testcase classname="com.GpNgen.TestCases.TC_FC_Check_By_Half_Dicount_EnterCardDetails" name="check_FC_With_50Off_With_EnterCard" time="95.187"/>
  <system-out/>
</testsuite> <!-- com.GpNgen.TestCases.TC_FC_Check_By_Half_Dicount_EnterCardDetails -->
