<?xml version="1.0" encoding="UTF-8"?>
<!-- Generated by org.testng.reporters.JUnitReportReporter -->
<testsuite hostname="DESKTOP-M77RTJN" failures="0" tests="1" name="com.GpNgen.TestCases.TC_004" time="26.637" errors="0" timestamp="2025-06-23T07:52:28 IST" skipped="0">
  <testcase classname="com.GpNgen.TestCases.TC_004" name="verify_default_selected_Graphics_opt_PageLoad" time="26.637"/>
  <system-out/>
</testsuite> <!-- com.GpNgen.TestCases.TC_004 -->
