<?xml version="1.0" encoding="UTF-8"?>
<!-- Generated by org.testng.reporters.JUnitReportReporter -->
<testsuite hostname="DESKTOP-M77RTJN" failures="0" tests="1" name="com.GpNgen.TestCases.E2E_FC_MOV_004" time="111.625" errors="0" timestamp="2025-07-30T16:41:22 IST" skipped="0">
  <testcase classname="com.GpNgen.TestCases.E2E_FC_MOV_004" name="E2E_Full_Composite_with_NoTeam_IgnoreteamImage" time="111.625"/>
  <system-out/>
</testsuite> <!-- com.GpNgen.TestCases.E2E_FC_MOV_004 -->
