<?xml version="1.0" encoding="UTF-8"?>
<!-- Generated by org.testng.reporters.JUnitReportReporter -->
<testsuite hostname="DESKTOP-M77RTJN" failures="0" tests="1" name="com.GpNgen.TestCases.E2E_FC_VR_002" time="168.203" errors="0" timestamp="2025-07-31T12:04:53 IST" skipped="0">
  <testcase classname="com.GpNgen.TestCases.E2E_FC_VR_002" name="E2E_Full_Composite_with_STD_Team_Build" time="168.203"/>
  <system-out/>
</testsuite> <!-- com.GpNgen.TestCases.E2E_FC_VR_002 -->
