<?xml version="1.0" encoding="UTF-8"?>
<!-- Generated by org.testng.reporters.JUnitReportReporter -->
<testsuite hostname="DESKTOP-M77RTJN" failures="0" tests="2" name="com.GpNgen.TestCases.TC_jobScenario_TraditionalPlus_CompJobProcess" time="43.449" errors="0" timestamp="2025-07-24T22:07:51 IST" skipped="1">
  <testcase classname="com.GpNgen.TestCases.TC_jobScenario_TraditionalPlus_CompJobProcess" name="place_TraditionalPlus_Job_With_NoTeamImage" time="43.449"/>
  <system-out/>
  <testcase classname="com.GpNgen.TestCases.TC_jobScenario_TraditionalPlus_CompJobProcess" name="place_TraditionalPlus_Job_With_NoTeamImage_SaveCard">
    <skipped/>
  </testcase> <!-- place_TraditionalPlus_Job_With_NoTeamImage_SaveCard -->
  <system-out/>
</testsuite> <!-- com.GpNgen.TestCases.TC_jobScenario_TraditionalPlus_CompJobProcess -->
