<?xml version="1.0" encoding="UTF-8"?>
<!-- Generated by org.testng.reporters.JUnitReportReporter -->
<testsuite hostname="DESKTOP-M77RTJN" failures="0" tests="3" name="com.GpNgen.TestCases.TC_001" time="50.809" errors="0" timestamp="2025-06-17T18:48:53 IST" skipped="2">
  <testcase classname="com.GpNgen.TestCases.TC_001" name="verify_Price_Team_NoTeaml" time="50.809"/>
  <system-out/>
  <testcase classname="com.GpNgen.TestCases.TC_001" name="verify_Price_Team_Virtual">
    <skipped/>
  </testcase> <!-- verify_Price_Team_Virtual -->
  <system-out/>
  <testcase classname="com.GpNgen.TestCases.TC_001" name="verify_Price_Team_STD">
    <skipped/>
  </testcase> <!-- verify_Price_Team_STD -->
  <system-out/>
</testsuite> <!-- com.GpNgen.TestCases.TC_001 -->
