<?xml version="1.0" encoding="UTF-8"?>
<!-- Generated by org.testng.reporters.JUnitReportReporter -->
<testsuite hostname="DESKTOP-M77RTJN" failures="0" tests="1" name="com.GpNgen.TestCases.E2E_FC_STD_001" time="152.435" errors="0" timestamp="2025-07-30T16:59:19 IST" skipped="0">
  <testcase classname="com.GpNgen.TestCases.E2E_FC_STD_001" name="E2E_Full_Composite_with_STD_Team_Build" time="152.435"/>
  <system-out/>
</testsuite> <!-- com.GpNgen.TestCases.E2E_FC_STD_001 -->
