<?xml version="1.0" encoding="UTF-8"?>
<!-- Generated by org.testng.reporters.JUnitReportReporter -->
<testsuite hostname="DESKTOP-M77RTJN" failures="0" tests="1" name="com.GpNgen.TestCases.TC_Job_Scenarios_TP_002" time="38.180" errors="0" timestamp="2025-07-14T16:33:17 IST" skipped="0">
  <testcase classname="com.GpNgen.TestCases.TC_Job_Scenarios_TP_002" name="traditionalPlusJob_WithTMImage_MoveToTmImage" time="38.180"/>
  <system-out/>
</testsuite> <!-- com.GpNgen.TestCases.TC_Job_Scenarios_TP_002 -->
