<?xml version="1.0" encoding="UTF-8"?>
<!-- Generated by org.testng.reporters.JUnitReportReporter -->
<testsuite hostname="DESKTOP-M77RTJN" failures="0" tests="2" name="com.GpNgen.TestCases.TC_JobScenarios_FullComposite_STD_001" time="61.664" errors="0" timestamp="2025-07-15T13:21:17 IST" skipped="1">
  <testcase classname="com.GpNgen.TestCases.TC_JobScenarios_FullComposite_STD_001" name="check_FC_With_50Off_With_EnterCard" time="61.664"/>
  <system-out/>
  <testcase classname="com.GpNgen.TestCases.TC_JobScenarios_FullComposite_STD_001" name="check_FC_With_50Off_With_SaveCard">
    <skipped/>
  </testcase> <!-- check_FC_With_50Off_With_SaveCard -->
  <system-out/>
</testsuite> <!-- com.GpNgen.TestCases.TC_JobScenarios_FullComposite_STD_001 -->
