<?xml version="1.0" encoding="UTF-8"?>
<!-- Generated by org.testng.reporters.JUnitReportReporter -->
<testsuite hostname="DESKTOP-M77RTJN" failures="0" tests="3" name="com.GpNgen.TestCases.FC_TC_01" time="32.827" errors="0" timestamp="2025-06-19T15:07:51 IST" skipped="2">
  <testcase classname="com.GpNgen.TestCases.FC_TC_01" name="sel_STD_without_upload_TeamImage" time="32.827"/>
  <system-out/>
  <testcase classname="com.GpNgen.TestCases.FC_TC_01" name="sel_Virtual_without_upload_TeamImage">
    <skipped/>
  </testcase> <!-- sel_Virtual_without_upload_TeamImage -->
  <system-out/>
  <testcase classname="com.GpNgen.TestCases.FC_TC_01" name="sel_NoTeamOption_without_upload_TeamImage">
    <skipped/>
  </testcase> <!-- sel_NoTeamOption_without_upload_TeamImage -->
  <system-out/>
</testsuite> <!-- com.GpNgen.TestCases.FC_TC_01 -->
