<?xml version="1.0" encoding="UTF-8"?>
<!-- Generated by org.testng.reporters.JUnitReportReporter -->
<testsuite hostname="DESKTOP-M77RTJN" failures="0" tests="1" name="com.GpNgen.TestCases.TC_Verify_sub_opt_appear_Extracted_Images" time="38.600" errors="0" timestamp="2025-06-16T11:59:47 IST" skipped="0">
  <testcase classname="com.GpNgen.TestCases.TC_Verify_sub_opt_appear_Extracted_Images" name="verify_Option_Is_Selcted_Or_Not" time="38.600"/>
  <system-out/>
</testsuite> <!-- com.GpNgen.TestCases.TC_Verify_sub_opt_appear_Extracted_Images -->
