<?xml version="1.0" encoding="UTF-8"?>
<!-- Generated by org.testng.reporters.JUnitReportReporter -->
<testsuite hostname="DESKTOP-M77RTJN" failures="0" tests="2" name="com.GpNgen.TestCases.TC_015" time="40.476" errors="0" timestamp="2025-06-23T16:48:12 IST" skipped="1">
  <testcase classname="com.GpNgen.TestCases.TC_015" name="onClickextractImgSubOptionIsVisibleOrNot" time="40.476"/>
  <system-out/>
  <testcase classname="com.GpNgen.TestCases.TC_015" name="extractImgClickableOrNot">
    <skipped/>
  </testcase> <!-- extractImgClickableOrNot -->
  <system-out/>
</testsuite> <!-- com.GpNgen.TestCases.TC_015 -->
