<?xml version="1.0" encoding="UTF-8"?>
<!-- Generated by org.testng.reporters.JUnitReportReporter -->
<testsuite hostname="DESKTOP-M77RTJN" failures="0" tests="1" name="com.GpNgen.TestCases.E2E_FC_IGN_003" time="93.287" errors="0" timestamp="2025-07-30T11:48:03 IST" skipped="0">
  <testcase classname="com.GpNgen.TestCases.E2E_FC_IGN_003" name="E2E_Full_Composite_with_NoTeam_IgnoreteamImage" time="93.287"/>
  <system-out/>
</testsuite> <!-- com.GpNgen.TestCases.E2E_FC_IGN_003 -->
