<?xml version="1.0" encoding="UTF-8"?>
<!-- Generated by org.testng.reporters.JUnitReportReporter -->
<testsuite hostname="DESKTOP-M77RTJN" failures="0" tests="3" name="com.GpNgen.TestCases.E2E_FC_NOP_006" time="373.718" errors="0" timestamp="2025-07-30T17:00:11 IST" skipped="0">
  <testcase classname="com.GpNgen.TestCases.E2E_FC_NOP_006" name="check_Traditiona_NOTeam_All_Ind_Image_Present" time="165.026"/>
  <system-out/>
  <testcase classname="com.GpNgen.TestCases.E2E_FC_NOP_006" name="check_TraditionaPlus_NOTeam_All_Ind_Image_Present" time="75.085"/>
  <system-out/>
  <testcase classname="com.GpNgen.TestCases.E2E_FC_NOP_006" name="check_FC_NOTeam_All_Ind_Image_Present" time="133.607"/>
  <system-out/>
</testsuite> <!-- com.GpNgen.TestCases.E2E_FC_NOP_006 -->
