<?xml version="1.0" encoding="UTF-8"?>
<!-- Generated by org.testng.reporters.JUnitReportReporter -->
<testsuite hostname="DESKTOP-M77RTJN" failures="0" tests="1" name="ImageUploadByFTP.uploadImagFTP" time="26.036" errors="0" timestamp="2025-07-22T10:38:50 IST" skipped="0">
  <testcase classname="ImageUploadByFTP.uploadImagFTP" name="uploadJobImages" time="26.036"/>
  <system-out/>
</testsuite> <!-- ImageUploadByFTP.uploadImagFTP -->
