<?xml version="1.0" encoding="UTF-8"?>
<!-- Generated by org.testng.reporters.JUnitReportReporter -->
<testsuite hostname="DESKTOP-M77RTJN" failures="0" tests="1" name="com.GpNgen.TestCases.TC_JS_NoTeamImages_InTable_With_All_Job" time="139.327" errors="0" timestamp="2025-07-24T16:34:19 IST" skipped="0">
  <testcase classname="com.GpNgen.TestCases.TC_JS_NoTeamImages_InTable_With_All_Job" name="check_Traditional_NoTeamImage_In_Order" time="139.327"/>
  <system-out/>
</testsuite> <!-- com.GpNgen.TestCases.TC_JS_NoTeamImages_InTable_With_All_Job -->
