<?xml version="1.0" encoding="UTF-8"?>
<!-- Generated by org.testng.reporters.JUnitReportReporter -->
<testsuite hostname="DESKTOP-M77RTJN" failures="0" tests="2" name="com.GpNgen.TestCases.E2E_JS_NoTeamImages_InTable_With_All_Job" time="144.498" errors="0" timestamp="2025-07-27T22:15:00 IST" skipped="0">
  <testcase classname="com.GpNgen.TestCases.E2E_JS_NoTeamImages_InTable_With_All_Job" name="check_TraditionalPlus_NoTeamImage_In_Order" time="71.263"/>
  <system-out/>
  <testcase classname="com.GpNgen.TestCases.E2E_JS_NoTeamImages_InTable_With_All_Job" name="check_Traditional_NoTeamImage_In_Order" time="73.235"/>
  <system-out/>
</testsuite> <!-- com.GpNgen.TestCases.E2E_JS_NoTeamImages_InTable_With_All_Job -->
