<?xml version="1.0" encoding="UTF-8"?>
<!-- Generated by org.testng.reporters.JUnitReportReporter -->
<testsuite hostname="DESKTOP-M77RTJN" failures="0" tests="1" name="com.GpNgen.TestCases.TC_OrderJobTest" time="15.668" errors="0" timestamp="2025-06-04T15:58:43 IST" skipped="0">
  <testcase classname="com.GpNgen.TestCases.TC_OrderJobTest" name="createOrderAndNavigate" time="15.668"/>
  <system-out/>
</testsuite> <!-- com.GpNgen.TestCases.TC_OrderJobTest -->
