<?xml version="1.0" encoding="UTF-8"?>
<!-- Generated by org.testng.reporters.JUnitReportReporter -->
<testsuite hostname="DESKTOP-M77RTJN" failures="0" tests="1" name="com.GpNgen.TestCases.TC_Traditinal_IgnoreTeam_With_Card" time="1117.847" errors="0" timestamp="2025-07-15T11:03:06 IST" skipped="0">
  <testcase classname="com.GpNgen.TestCases.TC_Traditinal_IgnoreTeam_With_Card" name="check_Traditional_Job_With_50OFF_SaveCard" time="1117.847"/>
  <system-out/>
</testsuite> <!-- com.GpNgen.TestCases.TC_Traditinal_IgnoreTeam_With_Card -->
