<?xml version="1.0" encoding="UTF-8"?>
<!-- Generated by org.testng.reporters.JUnitReportReporter -->
<testsuite hostname="DESKTOP-M77RTJN" failures="0" tests="2" name="com.GpNgen.TestCases.TC_jobScenario_TP_001" time="198.497" errors="0" timestamp="2025-07-15T10:31:38 IST" skipped="1">
  <testcase classname="com.GpNgen.TestCases.TC_jobScenario_TP_001" name="place_TraditionalPlus_Job_With_NoTeamImage_SaveCard" time="198.497"/>
  <system-out/>
  <testcase classname="com.GpNgen.TestCases.TC_jobScenario_TP_001" name="place_TraditionalPlus_Job_With_NoTeamImage">
    <skipped/>
  </testcase> <!-- place_TraditionalPlus_Job_With_NoTeamImage -->
  <system-out/>
</testsuite> <!-- com.GpNgen.TestCases.TC_jobScenario_TP_001 -->
