<?xml version="1.0" encoding="UTF-8"?>
<!-- Generated by org.testng.reporters.JUnitReportReporter -->
<testsuite hostname="DESKTOP-M77RTJN" failures="0" tests="5" name="com.GpNgen.TestCases.TC_015_016" time="39.669" errors="0" timestamp="2025-06-23T18:37:38 IST" skipped="4">
  <testcase classname="com.GpNgen.TestCases.TC_015_016" name="verify" time="39.669"/>
  <system-out/>
  <testcase classname="com.GpNgen.TestCases.TC_015_016" name="onClickextractImgSubOptionIsVisibleOrNot">
    <skipped/>
  </testcase> <!-- onClickextractImgSubOptionIsVisibleOrNot -->
  <system-out/>
  <testcase classname="com.GpNgen.TestCases.TC_015_016" name="verifyFullLengthcenteringSubOption">
    <skipped/>
  </testcase> <!-- verifyFullLengthcenteringSubOption -->
  <system-out/>
  <testcase classname="com.GpNgen.TestCases.TC_015_016" name="onClickextractImgPNGCropIsVisibleOrNot">
    <skipped/>
  </testcase> <!-- onClickextractImgPNGCropIsVisibleOrNot -->
  <system-out/>
  <testcase classname="com.GpNgen.TestCases.TC_015_016" name="extractImgClickableOrNot">
    <skipped/>
  </testcase> <!-- extractImgClickableOrNot -->
  <system-out/>
</testsuite> <!-- com.GpNgen.TestCases.TC_015_016 -->
