<?xml version="1.0" encoding="UTF-8"?>
<!-- Generated by org.testng.reporters.JUnitReportReporter -->
<testsuite hostname="DESKTOP-M77RTJN" failures="0" tests="1" name="com.GpNgen.TestCases.TC_007" time="28.074" errors="0" timestamp="2025-06-23T08:35:28 IST" skipped="0">
  <testcase classname="com.GpNgen.TestCases.TC_007" name="vrifyFC_noTeam_MM_EnableOrDisable" time="28.074"/>
  <system-out/>
</testsuite> <!-- com.GpNgen.TestCases.TC_007 -->
