<?xml version="1.0" encoding="UTF-8"?>
<!-- Generated by org.testng.reporters.JUnitReportReporter -->
<testsuite hostname="DESKTOP-M77RTJN" failures="0" tests="1" name="com.GpNgen.TestCases.TC_014" time="226.121" errors="0" timestamp="2025-06-23T11:52:30 IST" skipped="0">
  <testcase classname="com.GpNgen.TestCases.TC_014" name="Verify_default_state_of_background_temp" time="226.121"/>
  <system-out/>
</testsuite> <!-- com.GpNgen.TestCases.TC_014 -->
