<?xml version="1.0" encoding="UTF-8"?>
<!-- Generated by org.testng.reporters.JUnitReportReporter -->
<testsuite hostname="DESKTOP-M77RTJN" failures="0" tests="2" name="com.GpNgen.TestCases.TC_jobScenario_Traditinal_CompJobProcess" time="84.196" errors="0" timestamp="2025-07-17T16:49:31 IST" skipped="1">
  <testcase classname="com.GpNgen.TestCases.TC_jobScenario_Traditinal_CompJobProcess" name="check_Traditional_Job_Ignore_With_50OFF_SaveCard" time="84.196"/>
  <system-out/>
  <testcase classname="com.GpNgen.TestCases.TC_jobScenario_Traditinal_CompJobProcess" name="check_Traditional_Job_With_MoveToInd_100OFF">
    <skipped/>
  </testcase> <!-- check_Traditional_Job_With_MoveToInd_100OFF -->
  <system-out/>
</testsuite> <!-- com.GpNgen.TestCases.TC_jobScenario_Traditinal_CompJobProcess -->
