<?xml version="1.0" encoding="UTF-8"?>
<!-- Generated by org.testng.reporters.JUnitReportReporter -->
<testsuite hostname="DESKTOP-M77RTJN" failures="0" tests="1" name="com.GpNgen.TestCases.TR_TC_02" time="136.909" errors="0" timestamp="2025-06-20T15:50:10 IST" skipped="0">
  <testcase classname="com.GpNgen.TestCases.TR_TC_02" name="No_popup_without_TM_image" time="136.909"/>
  <system-out/>
</testsuite> <!-- com.GpNgen.TestCases.TR_TC_02 -->
