<?xml version="1.0" encoding="UTF-8"?>
<!-- Generated by org.testng.reporters.JUnitReportReporter -->
<testsuite hostname="DESKTOP-M77RTJN" failures="0" tests="3" name="com.GpNgen.TestCases.E2E_Traditinal_CompJobProcess" time="122.928" errors="0" timestamp="2025-07-28T13:22:55 IST" skipped="2">
  <testcase classname="com.GpNgen.TestCases.E2E_Traditinal_CompJobProcess" name="check_Traditional_Job_Ignore_With_EnterCard" time="122.928"/>
  <system-out/>
  <testcase classname="com.GpNgen.TestCases.E2E_Traditinal_CompJobProcess" name="check_Traditional_Job_Ignore_With_50OFF_SaveCard">
    <skipped/>
  </testcase> <!-- check_Traditional_Job_Ignore_With_50OFF_SaveCard -->
  <system-out/>
  <testcase classname="com.GpNgen.TestCases.E2E_Traditinal_CompJobProcess" name="check_Traditional_Job_With_MoveToInd_100OFF">
    <skipped/>
  </testcase> <!-- check_Traditional_Job_With_MoveToInd_100OFF -->
  <system-out/>
</testsuite> <!-- com.GpNgen.TestCases.E2E_Traditinal_CompJobProcess -->
