<?xml version="1.0" encoding="UTF-8"?>
<!-- Generated by org.testng.reporters.JUnitReportReporter -->
<testsuite hostname="DESKTOP-M77RTJN" failures="0" tests="1" name="com.GpNgen.TestCases.TC_Verify_Price_For_NoTeamImage" time="42.110" errors="0" timestamp="2025-06-04T17:04:01 IST" skipped="0">
  <testcase classname="com.GpNgen.TestCases.TC_Verify_Price_For_NoTeamImage" name="TC_verify_Price_For_NT" time="42.110"/>
  <system-out/>
</testsuite> <!-- com.GpNgen.TestCases.TC_Verify_Price_For_NoTeamImage -->
