<?xml version="1.0" encoding="UTF-8"?>
<!-- Generated by org.testng.reporters.JUnitReportReporter -->
<testsuite hostname="DESKTOP-M77RTJN" failures="0" tests="2" name="com.GpNgen.TestCases.TC_JobScenarios_FullComposite_NoTeam_All_ImagePresent" time="143.615" errors="0" timestamp="2025-07-24T15:52:01 IST" skipped="1">
  <testcase classname="com.GpNgen.TestCases.TC_JobScenarios_FullComposite_NoTeam_All_ImagePresent" name="check_FC_NOTeam_All_Ind_Image_Present" time="143.615"/>
  <system-out/>
  <testcase classname="com.GpNgen.TestCases.TC_JobScenarios_FullComposite_NoTeam_All_ImagePresent" name="check_FC_With_50Off_With_EnterCard">
    <skipped/>
  </testcase> <!-- check_FC_With_50Off_With_EnterCard -->
  <system-out/>
</testsuite> <!-- com.GpNgen.TestCases.TC_JobScenarios_FullComposite_NoTeam_All_ImagePresent -->
