<?xml version="1.0" encoding="UTF-8"?>
<!-- Generated by org.testng.reporters.JUnitReportReporter -->
<testsuite hostname="DESKTOP-M77RTJN" failures="0" tests="2" name="com.GpNgen.TestCases.TC_Verify_Price" time="34.516" errors="0" timestamp="2025-06-23T18:57:51 IST" skipped="1">
  <testcase classname="com.GpNgen.TestCases.TC_Verify_Price" name="TC_verify_Price_For_Crop" time="34.516"/>
  <system-out/>
  <testcase classname="com.GpNgen.TestCases.TC_Verify_Price" name="TC_verify_Price_For_NT">
    <skipped/>
  </testcase> <!-- TC_verify_Price_For_NT -->
  <system-out/>
</testsuite> <!-- com.GpNgen.TestCases.TC_Verify_Price -->
