<?xml version="1.0" encoding="UTF-8"?>
<!-- Generated by org.testng.reporters.JUnitReportReporter -->
<testsuite hostname="DESKTOP-M77RTJN" failures="0" tests="2" name="com.GpNgen.TestCases.TC_009" time="73.478" errors="0" timestamp="2025-06-23T11:03:58 IST" skipped="0">
  <testcase classname="com.GpNgen.TestCases.TC_009" name="Verify_PopUp_Appers_For_Diff_Tem" time="42.050"/>
  <system-out/>
  <testcase classname="com.GpNgen.TestCases.TC_009" name="Verify_dropdown_appears_for_Single_Bg" time="31.428"/>
  <system-out/>
</testsuite> <!-- com.GpNgen.TestCases.TC_009 -->
