<?xml version="1.0" encoding="UTF-8"?>
<!-- Generated by org.testng.reporters.JUnitReportReporter -->
<testsuite hostname="DESKTOP-M77RTJN" failures="0" tests="1" name="com.GpNgen.TestCases.TR_TC_01" time="28.957" errors="0" timestamp="2025-06-19T15:53:06 IST" skipped="0">
  <testcase classname="com.GpNgen.TestCases.TR_TC_01" name="confirmation_popup_After_change_option" time="28.957"/>
  <system-out/>
</testsuite> <!-- com.GpNgen.TestCases.TR_TC_01 -->
